2007-Apr-20 11:51  7.0.224
2007-Apr-26 10:36  7.0.226
2007-Apr-27 08:17  7.0.233
2007-Apr-28 10:52  7.0.234
2007-Apr-30 07:42  7.0.235
2007-May-01 10:49  7.0.236
2007-May-07 16:30  7.1a.1
2007-May-12 07:05  7.0.243
2007-May-13 11:58  7.1
2007-May-15 01:30  7.1.1
2007-May-15 11:41  7.1.2
2007-Jul-14 20:05  7.1.28
2007-Jul-16 11:06  7.1.28 -- rebuilt w/o gnome
2007-Jul-23 09:10  7.1.33
2007-Jul-25 09:23  7.1.38
2007-Jul-26 10:03  7.1.39
2007-Jul-28 10:08  7.1.43
2007-Jul-30 08:38  7.1.44
2007-Jul-31 13:28  7.1.46
2007-Aug-02 15:49  7.1.47
2007-Aug-03 09:40  7.1.48
2007-Aug-04 09:54  7.1.49
2007-Aug-06 10:18  7.1.54
2007-Aug-07 13:01  7.1.55
2007-Aug-08 11:54  7.1.56
2007-Aug-09 11:37  7.1.58
2007-Aug-11 17:07  7.1.62
2007-Aug-12 12:09  7.1.68
2007-Aug-15 13:45  7.1.77
2007-Aug-16 12:01  7.1.79
2007-Aug-19 11:48  7.1.82
2007-Aug-20 12:38  7.1.83
2007-Aug-22 12:04  7.1.87
2007-Aug-24 14:10  7.1.87 -- back to including gnome
2007-Aug-28 17:02  7.1.87 -- rebuild w/o gnome
2007-Aug-30 11:22  7.1.93
2007-Aug-31 08:45  7.1.94
2007-Sep-06 10:22  7.1.98
2007-Sep-07 10:07  7.1.100
2007-Sep-14 08:47  7.1.107
2007-Sep-17 09:36  7.1.112
2007-Sep-18 10:13  7.1.116
2007-Sep-26 08:24  7.1.122
2007-Sep-27 10:05  7.1.123
2007-Sep-29 10:04  7.1.125
2007-Sep-30 09:33  7.1.126
2007-Oct-01 08:53  7.1.128
2007-Oct-02 08:51  7.1.130
2007-Oct-03 11:37  7.1.135
2007-Oct-07 15:28  7.1.137
2007-Oct-09 09:52  7.1.138
2007-Oct-14 11:11  7.1.139
2007-Oct-15 15:35  7.1.140
2007-Oct-19 14:09  7.1.142
2007-Oct-20 10:10  7.1.145
2007-Oct-30 11:15  7.1.146
2007-Oct-31 08:23  7.1.147
2007-Nov-04 11:22  7.1.148
2007-Nov-07 10:21  7.1.149
2007-Nov-08 10:28  7.1.151
2007-Nov-09 18:47  7.1.154
2007-Nov-11 09:53  7.1.155
2007-Nov-12 13:41  7.1.156
2007-Nov-21 12:39  7.1.159
2007-Nov-25 15:34  7.1.161
2007-Nov-26 12:00  7.1.162
2007-Nov-30 15:43  7.1.164
2007-Dec-02 15:39  7.1.166
2007-Dec-04 11:49  7.1.168
2007-Dec-08 00:13  7.1.171
2007-Dec-09 11:54  7.1.172
2007-Dec-10 12:58  7.1.175
2007-Dec-31 12:12  7.1.176
2008-Jan-02 11:59  7.1.180
2008-Jan-03 10:27  7.1.188
2008-Jan-04 12:12  7.1.201
2008-Jan-05 14:47  7.1.206
2008-Jan-06 10:14  7.1.208
2008-Jan-08 11:07  7.1.211
2008-Jan-09 10:23  7.1.212
2008-Jan-10 09:55  7.1.214
2008-Jan-11 08:02  7.1.215
2008-Jan-12 12:49  7.1.220
2008-Jan-13 07:29  7.1.223
2008-Jan-14 11:50  7.1.228
2008-Jan-15 10:02  7.1.229
2008-Jan-16 09:20  7.1.230
2008-Jan-17 10:37  7.1.231
2008-Jan-19 12:15  7.1.235
2008-Jan-20 09:40  7.1.236
2008-Jan-23 09:48  7.1.241
2008-Jan-27 11:01  7.1.242
2008-Feb-06 11:40  7.1.243
2008-Feb-07 12:37  7.1.244
2008-Feb-11 11:51  7.1.245
2008-Feb-13 11:39  7.1.249
2008-Feb-14 11:03  7.1.251
2008-Feb-15 09:16  7.1.252
2008-Feb-19 11:44  7.1.253
2008-Feb-20 10:53  7.1.258
2008-Feb-23 14:33  7.1.262
2008-Feb-26 08:41  7.1.264
2008-Feb-27 07:10  7.1.265
2008-Feb-28 09:06  7.1.266
2008-Mar-07 08:45  7.1.267
2008-Mar-10 07:28  7.1.269
2008-Mar-11 07:44  7.1.270
2008-Mar-12 08:29  7.1.271
2008-Mar-13 14:03  7.1.278
2008-Mar-16 11:30  7.1.283
2008-Mar-21 10:11  7.1.285
2008-Mar-28 12:03  7.1.285  a test got replaced
2008-Mar-29 22:41  7.1.285  some runtime files got updated
2008-Apr-02 10:37  7.1.291
2008-Apr-10 10:43  7.1.293
2008-May-08 12:49  7.1.297
2008-May-12 08:02  7.1.298
2008-May-29 11:49  7.1.302
2008-May-30 17:37  7.1.305
2008-Jun-04 08:50  7.1.307
2008-Jun-05 08:48  7.1.311
2008-Jun-10 12:23  7.1.314
2008-Jun-16 09:50  7.1.315
2008-Jun-21 03:17  7.1.327
2008-Jun-22 12:37  7.1.330
2008-Jul-06 14:51  7.2a.014
2008-Jul-08 10:54  7.2a.018
2008-Jul-09 11:10  7.2a.019
2008-Jul-14 09:39  7.2b.001
2008-Jul-15 08:29  7.2b.004
2008-Jul-17 08:11  7.2b.005
2008-Jul-20 09:57  7.2b.009
2008-Jul-23 10:30  7.2b.010
2008-Jul-25 07:41  7.2b.013
2008-Jul-26 08:38  7.2b.021
2008-Jul-27 13:25  7.2b.022
2008-Jul-28 07:09  7.2b.023
2008-Jul-28 13:56  7.2b.023  updated feature.h to remove farsi etc
2008-Jul-29 07:55  7.2b.024
2008-Aug-01 11:26  7.2b.026
2008-Aug-07 10:12  7.2c
2008-Aug-10 09:42  7.2
2008-Aug-16 10:49  7.2  re-installed with updated runtime
2008-Aug-18 07:00  7.2.002
2008-Aug-25 06:37  7.2.006
2008-Sep-02 11:39  7.2.009
2008-Sep-08 08:44  7.2.013
2008-Sep-10 10:30  7.2.014
2008-Sep-11 13:31  7.2.015
2008-Sep-16 16:05  7.2.018
2008-Sep-18 14:26  7.2.019
2008-Sep-19 12:05  7.2.021
2008-Sep-21 16:26  7.2.022
2008-Oct-04 09:49  7.2.025
2008-Nov-02 12:28  7.2.026
2008-Nov-09 10:51  7.2.028
2008-Nov-10 08:49  7.2.032
2008-Nov-12 11:08  7.2.033
2008-Nov-13 08:14  7.2.040
2008-Nov-14 17:25  7.2.040  with relative number patch
2008-Nov-15 16:26  7.2.040  with Markus' name in 'modified by'
2008-Nov-16 11:04  7.2.042
2008-Nov-21 09:46  7.2.049
2008-Nov-29 11:11  7.2.055
2008-Nov-30 11:58  7.2.055  shortened Markus' stamp, demo 'make reconfig'
2008-Dec-01 09:43  7.2.060
2008-Dec-04 12:58  7.2.065
2008-Dec-11 08:42  7.2.069
2008-Dec-22 07:27  7.2.070
2008-Dec-25 14:09  7.2.075
2009-Jan-01 15:31  7.2.077
2009-Jan-06 12:55  7.2.079
2009-Jan-14 11:04  7.2.084
2009-Jan-23 13:09  7.2.088
2009-Jan-29 13:03  7.2.093
2009-Feb-05 21:20  7.2.101
2009-Feb-06 05:07  7.2.102  new git repository from markus
2009-Feb-12 10:40  7.2.108
2009-Feb-12 20:27  7.2.108  with all updates this time
2009-Feb-14 17:25  7.2.108  newer git repository, new update process
2009-Feb-22 11:31  7.2.121
2009-Feb-23 09:23  7.2.124
2009-Feb-24 13:19  7.2.127
2009-Mar-02 14:25  7.2.128
2009-Mar-03 08:46  7.2.130
2009-Mar-04 07:18  7.2.131
2009-Mar-05 17:21  7.2.132
2009-Mar-13 11:11  7.2.141
2009-Mar-19 11:09  7.2.148
2009-Apr-22 19:05  7.2.160
2009-Apr-30 14:16  7.2.166
2009-May-14 09:12  7.2.170
2009-May-15 10:09  7.2.173
2009-May-16 10:35  7.2.174
2009-May-17 14:49  7.2.179
2009-May-18 09:19  7.2.182
2009-May-23 12:02  7.2.187
2009-May-23 15:21  7.2.187  with tcl
2009-May-25 11:41  7.2.188
2009-May-27 09:24  7.2.191
2009-Jun-04 11:58  7.2.196  and down to big
2009-Jun-11 10:23  7.2.197
2009-Jun-16 17:37  7.2.209
2009-Jul-02 05:12  7.2.222
2009-Jul-13 00:21  7.2.228  from scratch
2009-Jul-16 14:49  7.2.234
2009-Jul-23 14:45  7.2.239
2009-Jul-30 08:42  7.2.245
2009-Sep-12 08:29  7.2.259
2009-Sep-19 11:49  7.2.262
2009-Sep-25 10:47  7.2.264
2009-Oct-01 09:06  7.2.266
2009-Oct-08 11:51  7.2.267
2009-Nov-04 11:00  7.2.284
2009-Nov-12 11:26  7.2.293
2009-Nov-18 13:23  7.2.302
2009-Nov-19 07:47  7.2.303
2009-Nov-26 11:48  7.2.308
2009-Nov-27 12:50  7.2.309
2009-Dec-03 08:47  7.2.315
2009-Dec-17 18:38  7.2.320
2009-Dec-25 13:06  7.2.323
2010-Jan-01 17:31  7.2.325
2010-Jan-02 17:57  7.2.325  64-bit gcc
2010-Jan-07 10:03  7.2.327
2010-Jan-13 09:25  7.2.330  mercurial repository
2010-Jan-19 11:45  7.2.342
2010-Jan-20 13:11  7.2.343
2010-Jan-20 18:06  7.2.344
2010-Jan-27 11:49  7.2.348
2010-Jan-27 13:50  7.2.349
2010-Jan-27 14:56  7.2.350
2010-Jan-28 17:37  7.2.351
2010-Feb-03 07:56  7.2.352
2010-Feb-03 09:45  7.2.354
2010-Feb-03 10:56  7.2.355
2010-Feb-03 12:04  7.2.356
2010-Feb-11 10:54  7.2.357
2010-Feb-11 12:42  7.2.359
2010-Feb-14 16:13  7.2.358  git, relative numbers
diversion for hgvim -- worked, but no relative numbers
2010-Feb-18 23:58  7.2.368  back to git & relative numbers
2010-Feb-25 00:01  7.2.376  back to mercurial (git broke)
2010-Feb-27 10:47  7.2.377
2010-Mar-02 11:44  7.2.377  back to git & relative numbers
2010-Mar-03 00:59  7.2.385
2010-Mar-10 18:23  7.2.394
2010-Mar-18 10:00  7.2.402
2010-Mar-21 12:25  7.2.403
2010-Mar-24 13:43  7.2.411
2010-May-02 20:49  7.2.411  markus merged vim-with-runtime
2010-May-07 15:28  7.2.416
2010-May-14 13:01  7.2.422  mercurial vim w/o relative
2010-May-15 03:07  7.2.433  git vim w relative
2010-May-15 16:09  7.3a     mercurial, no relative
2010-May-16 10:25  7.3a     7.2.436 patches merged & committed -- relative nums in mainstream!!!
2010-Jul-18 16:42  7.3b
2010-Jul-25 15:40  7.3c
2010-Aug-01 15:47  7.3d
2010-Aug-04 14:23  7.3e
2010-Aug-09 14:20  7.3f
2010-Aug-14 10:14  7.3g
2010-Aug-15 10:08  7.3
2010-Aug-16 14:59  7.3.001
2010-Aug-17 14:43  7.3.003
2010-Sep-14 10:33  7.3.005
2010-Sep-18 09:37  7.3.006
2010-Sep-21 11:26  7.3.010
2010-Sep-21 15:31  7.3.011
2010-Sep-29 08:36  7.3.013
2010-Sep-29 16:50  7.3.018
2010-Oct-09 11:03  7.3.020
2010-Oct-10 16:51  7.3.021
2010-Oct-13 12:53  7.3.026
2010-Oct-13 16:17  7.3.027
2010-Oct-14 14:47  7.3.028
2010-Oct-15 14:00  7.3.029
2010-Oct-20 12:41  7.3.031
2010-Oct-20 18:17  7.3.032
2010-Oct-22 15:18  7.3.033
2010-Oct-23 13:00  7.3.034
2010-Oct-24 12:36  7.3.035
2010-Oct-27 13:48  7.3.047
2010-Nov-03 14:00  7.3.048
2010-Nov-03 17:08  7.3.050
2010-Nov-10 09:10  7.3.051
2010-Nov-10 10:45  7.3.053
2010-Nov-10 12:44  7.3.054
2010-Nov-10 14:26  7.3.055
2010-Nov-16 10:01  7.3.061
2010-Nov-16 21:11  7.3.062
2010-Nov-24 08:18  7.3.064
2010-Nov-24 09:15  7.3.065
2010-Nov-24 12:01  7.3.069
2010-Dec-02 13:04  7.3.073
2010-Dec-02 14:51  7.3.075
2010-Dec-08 12:51  7.3.080
2010-Dec-08 15:25  7.3.081
2010-Dec-17 10:02  7.3.083
2010-Dec-17 11:33  7.3.085
2010-Dec-17 13:13  7.3.086
2010-Dec-17 13:44  7.3.087
2010-Dec-24 11:12  7.3.089
2010-Dec-30 12:23  7.3.094
2011-Jan-04 11:43  7.3.096
2011-Jan-04 13:14  7.3.098
2011-Jan-08 13:19  7.3.099
2011-Jan-17 13:02  7.3.101
2011-Jan-17 14:16  7.3.102
2011-Jan-21 18:02  7.3.104
2011-Jan-21 18:29  7.3.105
2011-Jan-22 14:23  7.3.106
2011-Jan-22 14:52  7.3.107
2011-Feb-01 10:47  7.3.110
2011-Feb-01 11:17  7.3.111
2011-Feb-01 15:50  7.3.112
2011-Feb-09 14:14  7.3.118
2011-Feb-12 14:41  7.3.119
2011-Feb-15 13:30  7.3.125
2011-Feb-25 12:16  7.3.135
2011-Mar-03 11:04  7.3.138
2011-Mar-22 11:57  7.3.142
2011-Mar-23 02:17  7.3.143
2011-Mar-26 14:24  7.3.145
2011-Mar-27 10:19  7.3.146
2011-Mar-30 23:38  7.3.146  rebuild due to upgrade to suse 11.4
2011-Apr-01 07:44  7.3.147
2011-Apr-01 07:48  7.3.148
2011-Apr-01 09:21  7.3.150
2011-Apr-01 10:41  7.3.151
2011-Apr-01 12:53  7.3.152
2011-Apr-02 12:37  7.3.154
2011-Apr-11 09:19  7.3.159
2011-Apr-11 10:35  7.3.160
2011-Apr-11 22:05  7.3.161
2011-Apr-21 08:24  7.3.162
2011-Apr-28 12:24  7.3.170
2011-May-05 13:42  7.3.177
2011-May-10 10:54  7.3.189
2011-May-19 11:36  7.3.197
2011-May-19 13:14  7.3.198
2011-May-25 09:03  7.3.202
2011-May-25 10:47  7.3.204
2011-May-25 11:47  7.3.205
2011-May-25 16:16  7.3.206
2011-Jun-12 15:27  7.3.215
2011-Jun-12 18:31  7.3.217
2011-Jun-12 19:00  7.3.218
2011-Jun-12 19:43  7.3.219
2011-Jun-18 20:37  7.3.224
2011-Jun-19 10:11  7.3.226
2011-Jun-19 18:48  7.3.229
2011-Jun-20 01:21  7.3.230
2011-Jun-25 20:37  7.3.231
2011-Jun-25 21:18  7.3.232
2011-Jun-25 22:11  7.3.234
2011-Jun-25 22:53  7.3.235
2011-Jun-26 13:02  7.3.237
2011-Jul-07 14:09  7.3.244
2011-Jul-15 09:06  7.3.250
2011-Jul-15 11:31  7.3.252
2011-Jul-15 18:22  7.3.254
2011-Jul-18 19:08  7.3.254
2011-Jul-20 11:28  7.3.259
2011-Jul-20 11:34  7.3.260
2011-Jul-27 10:54  7.3.264
2011-Jul-27 11:50  7.3.266
2011-Aug-04 14:22  7.3.268
2011-Aug-04 16:10  7.3.269
2011-Aug-10 09:30  7.3.275
2011-Aug-10 11:41  7.3.280
2011-Aug-17 10:00  7.3.282
2011-Aug-17 10:35  7.3.283
2011-Aug-17 13:44  7.3.284
2011-Aug-19 15:47  7.3.285
2011-Aug-26 11:14  7.3.286
2011-Aug-27 13:55  7.3.287
2011-Aug-28 15:19  7.3.289
2011-Sep-02 14:27  7.3.293
2011-Sep-07 11:52  7.3.297
2011-Sep-07 12:15  7.3.299
2011-Sep-07 12:57  7.3.300
2011-Sep-07 16:35  7.3.301
2011-Sep-08 18:23  7.3.303
2011-Sep-14 16:07  7.3.315
2011-Sep-21 10:31  7.3.317
2011-Sep-21 10:42  7.3.318
2011-Sep-21 13:16  7.3.322
2011-Sep-30 08:51  7.3.323
2011-Sep-30 12:19  7.3.329
2011-Oct-04 12:20  7.3.332
2011-Oct-04 15:57  7.3.333
2011-Oct-12 12:31  7.3.335
2011-Oct-13 00:25  7.3.338
2011-Oct-20 13:08  7.3.342
2011-Oct-20 16:46  7.3.346
2011-Oct-26 09:49  7.3.350
2011-Oct-26 11:34  7.3.351
2011-Oct-26 15:51  7.3.352
2011-Oct-26 23:44  7.3.353
2011-Nov-30 10:09  7.3.362
2011-Nov-30 11:58  7.3.363
2011-Dec-01 17:36  7.3.364
2011-Dec-08 18:07  7.3.372
2011-Dec-14 14:55  7.3.381
2011-Dec-15 22:19  7.3.382
2011-Dec-23 14:13  7.3.386
2011-Dec-30 16:51  7.3.390
2012-Jan-04 16:04  7.3.393
2012-Jan-10 09:53  7.3.397
2012-Jan-10 11:01  7.3.398
2012-Jan-10 11:58  7.3.399
2012-Jan-10 15:49  7.3.401
2012-Jan-20 11:23  7.3.406
2012-Jan-20 15:52  7.3.409
2012-Jan-23 16:13  7.3.410
2012-Jan-26 08:58  7.3.415
2012-Jan-26 12:19  7.3.418
2012-Jan-26 13:49  7.3.419
2012-Jan-26 16:17  7.3.420
2012-Jan-28 11:39  7.3.421  <--- fix of E832!!
2012-Feb-04 15:12  7.3.424
2012-Feb-04 19:30  7.3.429
2012-Feb-05 13:22  7.3.430
2012-Feb-05 22:14  7.3.434
2012-Feb-11 13:47  7.3.436
2012-Feb-11 17:29  7.3.438
2012-Feb-11 18:19  7.3.439
2012-Feb-11 19:28  7.3.441
2012-Feb-12 13:37  7.3.442
2012-Feb-12 18:03  7.3.444
2012-Feb-19 12:13  7.3.445
2012-Feb-20 16:47  7.3.446
2012-Feb-21 15:24  7.3.447
2012-Feb-22 10:11  7.3.451
2012-Feb-22 10:46  7.3.452
2012-Feb-22 12:01  7.3.455
2012-Feb-22 22:32  7.3.456
2012-Feb-29 13:42  7.3.462
2012-Mar-07 13:31  7.3.468
2012-Mar-07 17:01  7.3.470
2012-Mar-11 21:02  7.3.470  <-- updated runtime files
2012-Mar-16 20:28  7.3.475
2012-Mar-23 13:08  7.3.480
2012-Mar-28 12:27  7.3.486
2012-Mar-28 13:35  7.3.487
2012-Apr-05 10:49  7.3.492
2012-Apr-06 11:28  7.3.494
2012-Apr-09 14:06  7.3.495
2012-Apr-13 14:08  7.3.496
2012-Apr-20 11:36  7.3.501
2012-Apr-20 23:18  7.3.502
2012-Apr-25 10:27  7.3.506
2012-Apr-25 10:59  7.3.507
2012-Apr-25 11:51  7.3.508
2012-Apr-25 13:06  7.3.509
2012-Apr-30 10:25  7.3.511
2012-Apr-30 15:06  7.3.515
2012-May-18 10:19  7.3.520
2012-May-18 12:53  7.3.523
2012-May-18 15:37  7.3.524
2012-May-25 11:45  7.3.530
2012-May-26 21:56  7.3.531
2012-Jun-01 11:19  7.3.537
2012-Jun-01 13:15  7.3.538
2012-Jun-06 09:39  7.3.543
2012-Jun-06 12:47  7.3.546
2012-Jun-07 00:39  7.3.547
2012-Jun-07 15:58  7.3.548
2012-Jun-13 12:22  7.3.554
2012-Jun-13 12:31  7.3.555
2012-Jun-14 14:19  7.3.556
2012-Jun-20 09:09  7.3.562
2012-Jun-20 11:20  7.3.564
2012-Jun-20 12:39  7.3.565
2012-Jun-20 20:39  7.3.566
2012-Jun-29 12:01  7.3.580
2012-Jun-29 12:30  7.3.581
2012-Jun-29 21:51  7.3.582
2012-Jun-30 13:23  7.3.583
2012-Jun-30 16:09  7.3.584
2012-Jul-06 08:43  7.3.586
2012-Jul-06 10:39  7.3.589
2012-Jul-07 09:38  7.3.591
2012-Jul-10 18:47  7.3.600
2012-Jul-13 12:51  7.3.600  updated runtime files, tags bomb, sfs
2012-Jul-16 11:48  7.3.603
2012-Jul-16 13:16  7.3.604
2012-Jul-19 05:48  7.3.605
2012-Jul-19 12:17  7.3.608
2012-Jul-25 12:22  7.3.615
2012-Jul-27 14:24  7.3.617
2012-Jul-29 10:17  7.3.618
2012-Aug-02 18:23  7.3.622
2012-Aug-08 12:32  7.3.629
2012-Aug-15 13:45  7.3.633
2012-Aug-23 10:02  7.3.636
2012-Aug-24 12:17  7.3.638
2012-Aug-28 03:57  7.3.638  rebuild on new harddrive
2012-Aug-29 07:24  7.3.639
2012-Aug-29 07:33  7.3.640
2012-Aug-29 08:48  7.3.641
2012-Aug-29 12:56  7.3.646
2012-Sep-05 18:08  7.3.659
2012-Sep-13 15:31  7.3.661
2012-Sep-18 10:28  7.3.663
2012-Sep-18 16:07  7.3.666
2012-Sep-21 12:20  7.3.672
2012-Oct-03 13:26  7.3.678
2012-Oct-03 14:22  7.3.679
2012-Oct-03 15:06  7.3.681
2012-Oct-04 19:20  7.3.682
2012-Oct-06 10:51  7.3.683
2012-Oct-06 14:07  7.3.684
2012-Oct-10 23:15  7.3.687
2012-Oct-13 22:05  7.3.690
2012-Oct-13 22:31  7.3.691
2012-Oct-18 10:28  7.3.692
2012-Oct-20 21:01  7.3.703
2012-Oct-20 23:07  7.3.705
2012-Oct-21 17:58  7.3.707
2012-Oct-21 18:01  7.3.709
2012-Oct-22 22:26  7.3.711
2012-Oct-23 20:27  7.3.712
2012-Nov-14 17:55  7.3.714
2012-Nov-14 17:58  7.3.715
2012-Nov-15 17:58  7.3.715  updated runtime
2012-Nov-20 13:02  7.3.725
2012-Nov-23 18:59  7.3.728
2012-Nov-24 16:00  7.3.729
2012-Nov-28 12:38  7.3.741
2012-Nov-28 22:07  7.3.743
2012-Nov-29 15:45  7.3.744
2012-Dec-05 08:48  7.3.747
2012-Dec-05 09:44  7.3.749
2012-Dec-05 10:50  7.3.750
2012-Dec-05 15:59  7.3.753
2012-Dec-06 16:47  7.3.754
2012-Dec-12 16:02  7.3.761
2012-Dec-17 01:37  7.3.762
2013-Jan-17 14:09  7.3.772
2013-Jan-19 18:35  7.3.773
2013-Jan-23 14:24  7.3.782
2013-Jan-25 13:22  7.3.785
2013-Jan-30 15:37  7.3.797
2013-Feb-01 17:09  7.3.798
2013-Feb-06 14:48  7.3.806
2013-Feb-13 09:38  7.3.812
2013-Feb-13 12:32  7.3.816
2013-Feb-14 18:25  7.3.820
2013-Feb-16 11:39  7.3.821
2013-Feb-18 09:14  7.3.822
2013-Feb-20 09:33  7.3.825
2013-Feb-20 09:54  7.3.826
2013-Feb-20 14:10  7.3.830
2013-Feb-20 16:52  7.3.831
2013-Feb-26 10:40  7.3.838
2013-Feb-26 13:44  7.3.841
2013-Feb-26 15:24  7.3.842
2013-Feb-26 17:34  7.3.843
2013-Mar-07 10:30  7.3.851
2013-Mar-07 12:27  7.3.853
2013-Mar-07 13:07  7.3.854
2013-Mar-13 11:21  7.3.855
2013-Mar-13 12:42  7.3.857
2013-Mar-13 16:02  7.3.861
2013-Mar-16 22:26  7.3.865
2013-Mar-19 11:16  7.3.872
2013-Mar-19 12:15  7.3.873
2013-Mar-19 13:39  7.3.874
2013-Mar-21 17:44  7.3.875
2013-Apr-03 15:53  7.3.877
2013-Apr-05 09:58  7.3.878
2013-Apr-05 10:55  7.3.879
2013-Apr-05 18:51  7.3.882
2013-Apr-06 09:41  7.3.884
2013-Apr-06 09:41  7.3.884  updates to runtime
2013-Apr-12 14:00  7.3.888
2013-Apr-14 12:13  7.3.891
2013-Apr-14 17:09  7.3.892
2013-Apr-15 09:44  7.3.903
2013-Apr-15 12:02  7.3.904
2013-Apr-15 16:05  7.3.905
2013-Apr-24 09:08  7.3.914
2013-Apr-24 10:32  7.3.916
2013-Apr-24 13:07  7.3.918
2013-May-03 23:19  7.3.923
2013-May-05 21:45  7.3.925
2013-May-06 10:04  7.3.929
2013-May-07 12:31  7.3.931
2013-May-11 07:57  7.3.933
2013-May-11 09:07  7.3.934
2013-May-11 11:02  7.3.935
2013-May-12 10:39  7.3.936
2013-May-12 12:11  7.3.939
2013-May-12 13:46  7.3.942  building with python
2013-May-12 15:38  7.3.943
2013-May-13 16:13  7.3.944
2013-May-15 11:09  7.3.956
2013-May-15 13:54  7.3.959
2013-May-15 20:05  7.3.960
2013-May-16 14:15  7.3.961
2013-May-17 11:54  7.3.966
2013-May-17 15:52  7.3.967
2013-May-18 15:42  7.3.969
2013-May-19 16:19  7.3.973
2013-May-20 17:05  7.3.980
2013-May-20 17:48  7.3.981
2013-May-21 09:16  7.3.989
2013-May-21 09:38  7.3.990
2013-May-21 11:31  7.3.992
2013-May-21 14:57  7.3.1000
2013-May-21 15:06  7.3.1001
2013-May-21 19:10  7.3.1004
2013-May-21 19:19  7.3.1004  -arabic, -rightleft, -farsi, -emacs_tags
2013-May-22 16:43  7.3.1005
2013-May-23 18:37  7.3.1008
2013-May-24 12:59  7.3.1009
2013-May-24 14:57  7.3.1010
2013-May-24 16:03  7.3.1011
2013-May-24 16:20  7.3.1012
2013-May-25 09:00  7.3.1016
2013-May-25 13:43  7.3.1017
2013-May-25 14:41  7.3.1018
2013-May-25 15:39  7.3.1019
2013-May-25 17:22  7.3.1020
2013-May-26 16:33  7.3.1030
2013-May-27 08:19  7.3.1031
2013-May-27 10:29  7.3.1031  made python dynamic
2013-May-27 15:10  7.3.1032
2013-May-28 18:44  7.3.1036
2013-May-29 09:44  7.3.1036  first attempt to restore the relative zero
2013-May-29 12:16  7.3.1037
2013-May-29 14:14  7.3.1038
2013-May-29 14:50  7.3.1041
2013-May-29 19:47  7.3.1053
2013-May-30 09:37  7.3.1070
2013-May-30 11:26  7.3.1072
2013-May-30 13:55  7.3.1075
2013-May-30 14:56  7.3.1076
2013-May-30 16:26  7.3.1078
2013-May-31 13:34  7.3.1080
2013-May-31 14:55  7.3.1082
2013-May-31 15:41  7.3.1083
2013-May-31 17:47  7.3.1084
2013-Jun-01 09:58  7.3.1087
2013-Jun-01 21:48  7.3.1087  sane width for relative numbers
2013-Jun-01 21:59  7.3.1090
2013-Jun-02 13:00  7.3.1102
2013-Jun-02 18:08  7.3.1105
2013-Jun-03 05:30  7.3.1106
2013-Jun-03 18:52  7.3.1109
2013-Jun-04 14:31  7.3.1113
2013-Jun-04 15:36  7.3.1115  and sanity is returned to rnu without local patching
2013-Jun-05 11:15  7.3.1121
2013-Jun-05 12:17  7.3.1122
2013-Jun-05 12:59  7.3.1123
2013-Jun-05 14:22  7.3.1125
2013-Jun-05 14:35  7.3.1127
2013-Jun-05 15:34  7.3.1128
2013-Jun-06 08:37  7.3.1130
2013-Jun-06 09:44  7.3.1131
2013-Jun-06 12:04  7.3.1134
2013-Jun-06 14:35  7.3.1136
2013-Jun-07 12:01  7.3.1140
2013-Jun-07 13:09  7.3.1143
2013-Jun-07 13:37  7.3.1144
2013-Jun-07 16:41  7.3.1145
2013-Jun-08 18:34  7.3.1152
2013-Jun-09 09:48  7.3.1153
2013-Jun-09 11:01  7.3.1155
2013-Jun-09 14:30  7.3.1156
2013-Jun-10 10:10  7.3.1157
2013-Jun-10 11:52  7.3.1158
2013-Jun-10 14:50  7.3.1163
2013-Jun-11 13:51  7.3.1167
2013-Jun-11 19:53  7.3.1169
2013-Jun-12 12:30  7.3.1176
2013-Jun-12 16:47  7.3.1182
2013-Jun-13 12:53  7.3.1184
2013-Jun-13 16:08  7.3.1189
2013-Jun-19 14:43  7.3.1223
2013-Jun-21 12:41  7.3.1224
2013-Jun-22 07:03  7.3.1225
2013-Jun-23 11:17  7.3.1237
2013-Jun-24 17:29  7.3.1242
2013-Jun-26 11:00  7.3.1246
2013-Jun-26 12:45  7.3.1248
2013-Jun-26 13:14  7.3.1249
2013-Jun-27 04:25  7.3.1251
2013-Jun-27 15:54  7.3.1255
2013-Jun-28 13:28  7.3.1256
2013-Jun-28 13:55  7.3.1257
2013-Jun-28 19:07  7.3.1258
2013-Jun-29 08:58  7.3.1268
2013-Jun-29 09:27  7.3.1269
2013-Jun-29 15:51  7.3.1270
2013-Jun-30 10:28  7.3.1277
2013-Jun-30 11:25  7.3.1278
2013-Jun-30 18:22  7.3.1280
2013-Jul-01 14:31  7.3.1285
2013-Jul-01 15:21  7.3.1287
2013-Jul-03 10:24  7.3.1297
2013-Jul-03 17:22  7.3.1301
2013-Jul-03 17:24  7.3.1302
2013-Jul-04 13:48  7.3.1303
2013-Jul-04 14:57  7.3.1305
2013-Jul-04 19:53  7.3.1308
2013-Jul-05 14:59  7.3.1311
2013-Jul-06 09:48  7.4a.001
2013-Jul-07 11:15  7.4a.002
2013-Jul-09 10:02  7.4a.006
2013-Jul-09 10:47  7.4a.009
2013-Jul-09 17:29  7.4a.010
2013-Jul-12 15:07  7.4a.012
2013-Jul-13 11:26  7.4a.017
2013-Jul-13 14:03  7.4a.018
2013-Jul-14 07:10  7.4a.023
2013-Jul-14 08:12  7.4a.024
2013-Jul-17 14:05  7.4a.031
2013-Jul-17 14:39  7.4a.032
2013-Jul-17 15:45  7.4a.035
2013-Jul-21 10:24  7.4a.036
2013-Jul-21 11:24  7.4a.038
2013-Jul-21 12:51  7.4a.039
2013-Jul-24 10:19  7.4a.043
2013-Jul-24 11:18  7.4a.044
2013-Jul-28 13:29  7.4b
2013-Aug-01 13:35  7.4b.004
2013-Aug-02 10:26  7.4b.009
2013-Aug-03 17:00  7.4b.014
2013-Aug-05 15:36  7.4b.015
2013-Aug-07 10:51  7.4b.018
2013-Aug-07 15:51  7.4b.019
2013-Aug-09 14:54  7.4b.021
2013-Aug-10 18:13  7.4
2013-Aug-14 11:25  7.4.005
2013-Aug-22 09:48  7.4.007
2013-Aug-25 19:30  7.4.009
2013-Aug-30 11:11  7.4.016
2013-Sep-05 09:16  7.4.020
2013-Sep-05 14:58  7.4.022
2013-Sep-07 17:50  7.4.023
2013-Sep-08 09:42  7.4.026
2013-Sep-08 15:09  7.4.027
2013-Sep-20 15:06  7.4.031
2013-Sep-22 17:21  7.4.035
2013-Sep-25 12:09  7.4.038
2013-Sep-25 14:15  7.4.040
2013-Sep-26 00:45  7.4.041
2013-Sep-29 13:45  7.4.044
2013-Sep-29 14:19  7.4.045
2013-Oct-02 09:04  7.4.046
2013-Oct-04 01:57  7.4.050
2013-Oct-06 09:32  7.4.051
2013-Oct-06 14:40  7.4.052
2013-Nov-02 00:15  7.4.054
2013-Nov-03 01:00  7.4.061
2013-Nov-04 00:24  7.4.068
2013-Nov-05 08:06  7.4.069
2013-Nov-05 14:55  7.4.070
2013-Nov-05 22:32  7.4.073
2013-Nov-07 15:09  7.4.077
2013-Nov-07 23:14  7.4.079
2013-Nov-08 21:34  7.4.082
2013-Nov-09 01:54  7.4.083
2013-Nov-10 22:36  7.4.086
2013-Nov-11 17:48  7.4.087
2013-Nov-12 00:01  7.4.090
2013-Nov-12 11:27  7.4.091
2013-Nov-13 21:21  7.4.092
2013-Nov-17 16:50  7.4.094
2013-Nov-21 08:20  7.4.099
2013-Nov-21 09:49  7.4.100
2013-Nov-21 12:10  7.4.103
2013-Nov-28 08:03  7.4.105
2013-Nov-28 10:29  7.4.107
2013-Nov-28 11:01  7.4.108
2013-Nov-28 12:18  7.4.109
2013-Nov-28 20:35  7.4.110
2013-Dec-07 11:19  7.4.113
2013-Dec-11 16:32  7.4.125
2013-Dec-12 19:23  7.4.126
2013-Dec-14 12:28  7.4.131
2014-Jan-06 21:13  7.4.135
2014-Jan-10 15:06  7.4.141
2014-Jan-12 11:09  7.4.142
2014-Jan-15 00:53  7.4.155
2014-Jan-17 16:46  7.4.155  rebuilt with features=normal
2014-Jan-23 14:15  7.4.158
2014-Jan-23 21:56  7.4.159
2014-Jan-24 14:17  7.4.160
2014-Jan-31 20:56  7.4.161
2014-Feb-05 11:35  7.4.164
2014-Feb-05 16:47  7.4.169
2014-Feb-11 07:11  7.4.170
2014-Feb-11 13:03  7.4.178
2014-Feb-13 00:04  7.4.179
2014-Feb-15 10:10  7.4.181
2014-Feb-15 16:00  7.4.183
2014-Feb-22 19:38  7.4.187
2014-Feb-23 21:50  7.4.192
2014-Mar-08 13:04  7.4.193
2014-Mar-12 11:28  7.4.198
2014-Mar-12 12:33  7.4.200
2014-Mar-12 14:25  7.4.204
2014-Mar-12 16:43  7.4.205
2014-Mar-19 15:59  7.4.210
2014-Mar-22 11:56  7.4.211
2014-Mar-23 16:59  7.4.213
2014-Mar-24 14:22  7.4.214
2014-Mar-25 12:53  7.4.218
2014-Mar-27 10:33  7.4.220
2014-Mar-27 12:52  7.4.224
2014-Mar-27 13:25  7.4.225
2014-Mar-29 03:56  7.4.227
2014-Mar-30 10:17  7.4.229
2014-Apr-01 16:21  7.4.236
2014-Apr-02 12:06  7.4.241
2014-Apr-02 13:07  7.4.242
2014-Apr-02 18:48  7.4.244
2014-Apr-04 20:19  7.4.245
2014-Apr-05 16:32  7.4.250
2014-Apr-06 14:10  7.4.251
2014-Apr-06 14:14  7.4.252
2014-Apr-06 17:13  7.4.253
2014-Apr-10 22:35  7.4.255
2014-Apr-23 13:04  7.4.263
2014-Apr-23 18:36  7.4.264
2014-Apr-24 12:32  7.4.265
2014-Apr-29 08:21  7.4.270
2014-Apr-29 10:19  7.4.271
2014-Apr-29 13:21  7.4.273
2014-May-02 09:14  7.4.274
2014-May-08 19:01  7.4.282
2014-May-09 15:09  7.4.283
2014-May-13 20:39  7.4.295
2014-May-22 14:27  7.4.306
2014-May-22 19:59  7.4.307
2014-May-28 09:24  7.4.310
2014-May-28 10:35  7.4.311
2014-May-28 11:32  7.4.312
2014-May-28 16:15  7.4.314
2014-May-29 09:40  7.4.316
2014-Jun-12 09:19  7.4.321  removed python (ZyX is through modifying the interface)
2014-Jun-12 13:14  7.4.324
2014-Jun-13 13:48  7.4.325
2014-Jun-14 07:21  7.4.326
2014-Jun-17 07:21  7.4.329
2014-Jun-17 12:18  7.4.332
2014-Jun-17 17:15  7.4.333
2014-Jun-18 17:53  7.4.335
2014-Jun-25 08:24  7.4.340
2014-Jun-25 15:25  7.4.344
2014-Jun-25 16:59  7.4.345
2014-Jun-26 15:03  7.4.346
2014-Jun-26 16:27  7.4.347
2014-Jul-04 15:53  7.4.355
2014-Jul-09 09:02  7.4.357
2014-Jul-09 18:46  7.4.364
2014-Jul-16 08:59  7.4.368
2014-Jul-16 20:46  7.4.373
2014-Jul-23 11:21  7.4.381
2014-Jul-23 18:11  7.4.383
2014-Aug-03 16:56  7.4.389
2014-Aug-06 10:39  7.4.394
2014-Aug-06 11:37  7.4.396
2014-Aug-06 18:15  7.4.397
2014-Aug-07 08:37  7.4.398
2014-Aug-10 11:01  7.4.401
2014-Aug-12 13:44  7.4.402
2014-Aug-13 22:18  7.4.404
2014-Aug-16 12:08  7.4.408
2014-Aug-17 11:40  7.4.410
2014-Aug-22 12:33  7.4.413
2014-Aug-23 08:03  7.4.415
2014-Aug-24 17:42  7.4.417
2014-Aug-29 13:56  7.4.428
2014-Aug-30 08:29  7.4.429
2014-Aug-30 21:53  7.4.430
2014-Sep-09 12:29  7.4.441
2014-Sep-10 03:01  7.4.442
2014-Sep-11 20:34  7.4.443
2014-Sep-15 12:50  7.4.444
2014-Sep-19 08:52  7.4.446
2014-Sep-19 09:17  7.4.448
2014-Sep-19 12:52  7.4.449
2014-Sep-19 15:07  7.4.451
2014-Sep-19 15:16  7.4.452
2014-Sep-20 03:44  7.4.453
2014-Sep-23 15:56  7.4.459
2014-Sep-24 09:38  7.4.460
2014-Sep-27 04:29  7.4.461
2014-Sep-29 11:31  7.4.463
2014-Oct-06 16:10  7.4.464
2014-Oct-07 09:08  7.4.465
2014-Oct-09 09:03  7.4.470
2014-Oct-09 12:46  7.4.471
2014-Oct-10 09:34  7.4.473
2014-Oct-11 13:50  7.4.475
2014-Oct-15 09:21  7.4.477
2014-Oct-15 14:49  7.4.478
2014-Oct-16 09:58  7.4.480
2014-Oct-16 16:27  7.4.481
2014-Oct-21 10:33  7.4.483
2014-Oct-21 15:17  7.4.487
2014-Oct-22 17:30  7.4.488
2014-Oct-31 08:05  7.4.490
2014-Oct-31 14:22  7.4.493
2014-Nov-06 00:24  7.4.506
2014-Nov-06 06:58  7.4.507
